This is pdfTeX, Version 3.1415926-2.5-1.40.14 (TeX Live 2013/Debian) (format=pdflatex 2015.4.9)  10 APR 2015 08:51
entering extended mode
 restricted \write18 enabled.
 %&-line parsing enabled.
**ex00.tex
(./ex00.tex
LaTeX2e <2011/06/27>
Babel <3.9h> and hyphenation patterns for 41 languages loaded.
(../uebungsblatt.cls

LaTeX Warning: You have requested document class `../uebungsblatt',
               but the document class provides `uebungsblatt'.

Document Class: uebungsblatt 2006/10/24 by Igor Akkerman (c)2004,2005,2006 v1.5
.0 Klasse zum Setzen von Uebungsblaettern
(/usr/share/texlive/texmf-dist/tex/latex/base/ifthen.sty
Package: ifthen 2001/05/26 v1.1c Standard LaTeX ifthen package (DPC)
)
(/usr/share/texlive/texmf-dist/tex/latex/akktex/akktecdoc.cls
Document Class: akktecdoc 2005/04/30 v1.0.1 by Igor Akkerman (c) 2004, 2005 Cla
ss for typesetting technical documents.
(/usr/share/texlive/texmf-dist/tex/latex/akktex/akkconditional.sty
Package: akkconditional 2005/04/30 1.1.1 by Igor Akkerman (c) 2004, 2005 Packag
e providing utilities for handling conditionals.
)
(/usr/share/texlive/texmf-dist/tex/latex/base/article.cls
Document Class: article 2007/10/19 v1.4h Standard LaTeX document class
(/usr/share/texlive/texmf-dist/tex/latex/base/size10.clo
File: size10.clo 2007/10/19 v1.4h Standard LaTeX file (size option)
)
\c@part=\count79
\c@section=\count80
\c@subsection=\count81
\c@subsubsection=\count82
\c@paragraph=\count83
\c@subparagraph=\count84
\c@figure=\count85
\c@table=\count86
\abovecaptionskip=\skip41
\belowcaptionskip=\skip42
\bibindent=\dimen102
)
(/usr/share/texlive/texmf-dist/tex/latex/akktex/akktex.sty
Package: akktex 2005/05/05 1.0.1 by Igor Akkerman (c) 2005 Package loading all 
AkkTeX packages.

(/usr/share/texlive/texmf-dist/tex/latex/tools/calc.sty
Package: calc 2007/08/22 v4.3 Infix arithmetic (KKT,FJ)
\calc@Acount=\count87
\calc@Bcount=\count88
\calc@Adimen=\dimen103
\calc@Bdimen=\dimen104
\calc@Askip=\skip43
\calc@Bskip=\skip44
LaTeX Info: Redefining \setlength on input line 76.
LaTeX Info: Redefining \addtolength on input line 77.
\calc@Ccount=\count89
\calc@Cskip=\skip45
)
(/usr/share/texlive/texmf-dist/tex/latex/graphics/lscape.sty
Package: lscape 2000/10/22 v3.01 Landscape Pages (DPC)

(/usr/share/texlive/texmf-dist/tex/latex/graphics/graphics.sty
Package: graphics 2009/02/05 v1.0o Standard LaTeX Graphics (DPC,SPQR)

(/usr/share/texlive/texmf-dist/tex/latex/graphics/trig.sty
Package: trig 1999/03/16 v1.09 sin cos tan (DPC)
)
(/usr/share/texlive/texmf-dist/tex/latex/latexconfig/graphics.cfg
File: graphics.cfg 2010/04/23 v1.9 graphics configuration of TeX Live
)
Package graphics Info: Driver file: pdftex.def on input line 91.

(/usr/share/texlive/texmf-dist/tex/latex/pdftex-def/pdftex.def
File: pdftex.def 2011/05/27 v0.06d Graphics/color for pdfTeX

(/usr/share/texlive/texmf-dist/tex/generic/oberdiek/infwarerr.sty
Package: infwarerr 2010/04/08 v1.3 Providing info/warning/error messages (HO)
)
(/usr/share/texlive/texmf-dist/tex/generic/oberdiek/ltxcmds.sty
Package: ltxcmds 2011/11/09 v1.22 LaTeX kernel commands for general use (HO)
)
\Gread@gobject=\count90
)))
(/usr/share/texlive/texmf-dist/tex/latex/tools/longtable.sty
Package: longtable 2004/02/01 v4.11 Multi-page Table package (DPC)
\LTleft=\skip46
\LTright=\skip47
\LTpre=\skip48
\LTpost=\skip49
\LTchunksize=\count91
\LTcapwidth=\dimen105
\LT@head=\box26
\LT@firsthead=\box27
\LT@foot=\box28
\LT@lastfoot=\box29
\LT@cols=\count92
\LT@rows=\count93
\c@LT@tables=\count94
\c@LT@chunks=\count95
\LT@p@ftn=\toks14
)
(/usr/share/texlive/texmf-dist/tex/latex/tools/theorem.sty
Package: theorem 1995/11/23 v2.2c Theorem extension package (FMi)
\theorem@style=\toks15
\theorem@bodyfont=\toks16
\theorempreskipamount=\skip50
\theorempostskipamount=\skip51

(/usr/share/texlive/texmf-dist/tex/latex/tools/thp.sty
File: thp.sty 1995/11/23 v2.2c Theorem extension package (FMi)
))
(/usr/share/texlive/texmf-dist/tex/latex/float/float.sty
Package: float 2001/11/08 v1.3d Float enhancements (AL)
\c@float@type=\count96
\float@exts=\toks17
\float@box=\box30
\@float@everytoks=\toks18
\@floatcapt=\box31
)
(/usr/share/texlive/texmf-dist/tex/latex/tools/enumerate.sty
Package: enumerate 1999/03/05 v3.00 enumerate extensions (DPC)
\@enLab=\toks19
)
(/usr/share/texlive/texmf-dist/tex/latex/tools/verbatim.sty
Package: verbatim 2003/08/22 v1.5q LaTeX2e package for verbatim enhancements
\every@verbatim=\toks20
\verbatim@line=\toks21
\verbatim@in@stream=\read1
)
(/usr/share/texlive/texmf-dist/tex/latex/akktex/akkdoc.sty
Package: akkdoc 2005/04/30 1.0.0 by Igor Akkerman (c) 2000, 2001, 2002, 2003, 2
004, 2005 Package providing commands for documents.
)
(/usr/share/texlive/texmf-dist/tex/latex/akktex/akkstring.sty
Package: akkstring 2005/04/30 1.2.2 by Igor Akkerman (c) 2004, 2005 Package pro
viding string operation utilities.
)
(/usr/share/texlive/texmf-dist/tex/latex/akktex/akknum.sty
Package: akknum 2005/05/01 1.0.0 by Igor Akkerman (c) 2005 Package providing nu
meric utilities.
)
(/usr/share/texlive/texmf-dist/tex/latex/akktex/akkcounterlabelpattern.sty
Package: akkcounterlabelpattern 2006/10/25 1.0.2 by Igor Akkerman (c)2004-2006 
Package providing easy counter label creation using a specified pattern.
\akk@counterlabel=\toks22
)
(/usr/share/texlive/texmf-dist/tex/latex/akktex/akkparskip.sty
Package: akkparskip 2005/04/30 by Igor Akkerman (c) 2004, 2005 v1.3.2 Package p
roviding a non empty paragraph skip with list and section environment correctio
ns.

(/usr/share/texlive/texmf-dist/tex/latex/akktex/akksection.sty
Package: akksection 2005/04/30 by Igor Akkerman (c) 2004, 2005 v1.0.2 Package p
roviding an alternative section definition command.
)
\akk@orig@parskip=\skip52
\akk@orig@parindent=\skip53
\akk@orig@labelsep=\skip54
\akk@orig@rightmargin=\skip55
\akk@orig@listparindent=\skip56
\akk@orig@itemindent=\skip57
\akk@orig@topsep=\skip58
\akk@orig@partopsep=\skip59
\akk@orig@parsep=\skip60
\akk@orig@itemsep=\skip61
\akk@default@parskip=\skip62
\akk@default@parindent=\skip63
\akk@default@labelsep=\skip64
\akk@default@rightmargin=\skip65
\akk@default@listparindent=\skip66
\akk@default@itemindent=\skip67
\akk@default@topsep=\skip68
\akk@default@partopsep=\skip69
\akk@default@parsep=\skip70
\akk@default@itemsep=\skip71
\akk@@beforesectionskip=\skip72
\akk@@beforesubsectionskip=\skip73
\akk@@beforesubsubsectionskip=\skip74
\akk@@beforeparagraphskip=\skip75
\akk@@aftersectionskip=\skip76
\akk@@aftersubsectionskip=\skip77
\akk@@aftersubsubsectionskip=\skip78
\akk@@afterparagraphskip=\skip79
)
(/usr/share/texlive/texmf-dist/tex/latex/akktex/akkmath.sty
Package: akkmath 2005/05/05 1.2.0 by Igor Akkerman (c) 2000, 2001, 2002, 2003, 
2004, 2005 Package importing all AkkTeX and AMS math packages

(/usr/share/texlive/texmf-dist/tex/latex/amsmath/amsmath.sty
Package: amsmath 2013/01/14 v2.14 AMS math features
\@mathmargin=\skip80

For additional information on amsmath, use the `?' option.
(/usr/share/texlive/texmf-dist/tex/latex/amsmath/amstext.sty
Package: amstext 2000/06/29 v2.01

(/usr/share/texlive/texmf-dist/tex/latex/amsmath/amsgen.sty
File: amsgen.sty 1999/11/30 v2.0
\@emptytoks=\toks23
\ex@=\dimen106
))
(/usr/share/texlive/texmf-dist/tex/latex/amsmath/amsbsy.sty
Package: amsbsy 1999/11/29 v1.2d
\pmbraise@=\dimen107
)
(/usr/share/texlive/texmf-dist/tex/latex/amsmath/amsopn.sty
Package: amsopn 1999/12/14 v2.01 operator names
)
\inf@bad=\count97
LaTeX Info: Redefining \frac on input line 210.
\uproot@=\count98
\leftroot@=\count99
LaTeX Info: Redefining \overline on input line 306.
\classnum@=\count100
\DOTSCASE@=\count101
LaTeX Info: Redefining \ldots on input line 378.
LaTeX Info: Redefining \dots on input line 381.
LaTeX Info: Redefining \cdots on input line 466.
\Mathstrutbox@=\box32
\strutbox@=\box33
\big@size=\dimen108
LaTeX Font Info:    Redeclaring font encoding OML on input line 566.
LaTeX Font Info:    Redeclaring font encoding OMS on input line 567.
\macc@depth=\count102
\c@MaxMatrixCols=\count103
\dotsspace@=\muskip10
\c@parentequation=\count104
\dspbrk@lvl=\count105
\tag@help=\toks24
\row@=\count106
\column@=\count107
\maxfields@=\count108
\andhelp@=\toks25
\eqnshift@=\dimen109
\alignsep@=\dimen110
\tagshift@=\dimen111
\tagwidth@=\dimen112
\totwidth@=\dimen113
\lineht@=\dimen114
\@envbody=\toks26
\multlinegap=\skip81
\multlinetaggap=\skip82
\mathdisplay@stack=\toks27
LaTeX Info: Redefining \[ on input line 2665.
LaTeX Info: Redefining \] on input line 2666.
)
(/usr/share/texlive/texmf-dist/tex/latex/amsfonts/amssymb.sty
Package: amssymb 2013/01/14 v3.01 AMS font symbols

(/usr/share/texlive/texmf-dist/tex/latex/amsfonts/amsfonts.sty
Package: amsfonts 2013/01/14 v3.01 Basic AMSFonts support
\symAMSa=\mathgroup4
\symAMSb=\mathgroup5
LaTeX Font Info:    Overwriting math alphabet `\mathfrak' in version `bold'
(Font)                  U/euf/m/n --> U/euf/b/n on input line 106.
))
(/usr/share/texlive/texmf-dist/tex/latex/base/latexsym.sty
Package: latexsym 1998/08/17 v2.2e Standard LaTeX package (lasy symbols)
\symlasy=\mathgroup6
LaTeX Font Info:    Overwriting symbol font `lasy' in version `bold'
(Font)                  U/lasy/m/n --> U/lasy/b/n on input line 47.
)
(/usr/share/texlive/texmf-dist/tex/latex/akktex/akkmathbasic.sty
Package: akkmathbasic 2005/04/30 3.0.0 by Igor Akkerman (c) 2000, 2001, 2002, 2
003, 2004, 2005 Package providing basic utilities for typesetting mathematics

(/usr/share/texlive/texmf-dist/tex/latex/tools/array.sty
Package: array 2008/09/09 v2.4c Tabular extension package (FMi)
\col@sep=\dimen115
\extrarowheight=\dimen116
\NC@list=\toks28
\extratabsurround=\skip83
\backup@length=\skip84
))
(/usr/share/texlive/texmf-dist/tex/latex/akktex/akkmathset.sty
Package: akkmathset 2005/04/30 1.0.0 by Igor Akkerman (c) 2000, 2001, 2002, 200
3, 2004 Package providing utilities for typesetting mathematical sets
)
(/usr/share/texlive/texmf-dist/tex/latex/akktex/akkmathtext.sty
Package: akkmathtext 2005/05/01 1.0.0 by Igor Akkerman (c) 2000, 2001, 2002, 20
03, 2004, 2005 Package providing utilities for typesetting text elements within
 mathematic formulas
)
(/usr/share/texlive/texmf-dist/tex/latex/akktex/akkmathrel.sty
Package: akkmathrel 2006/10/22 2.0.1 by Igor Akkerman (c) 2000, 2001, 2002, 200
3, 2004, 2005, 2006 Package providing utilities for typesetting mathematical re
lations
\akk@annwidth=\skip85
)
(/usr/share/texlive/texmf-dist/tex/latex/akktex/akkmathnum.sty
Package: akkmathnum 2005/04/30 1.1.0 by Igor Akkerman (c) 2000, 2001, 2002, 200
3, 2004, 2005 Package providing utilities for typesetting numeric elements
\c@refmtxrow=\count109
\c@lesrow=\count110
)
(/usr/share/texlive/texmf-dist/tex/latex/akktex/akkmathfun.sty
Package: akkmathfun 2005/04/28 1.0.1 by Igor Akkerman (c) 2000, 2001, 2002, 200
3, 2004, 2005 Package providing utilities for typesetting mathematical function
s
)
(/usr/share/texlive/texmf-dist/tex/latex/akktex/akkmathproof.sty
Package: akkmathproof 2005/04/30 1.2.0 by Igor Akkerman (c) 2000, 2001, 2002, 2
003, 2004, 2005 Package providing utilities for typesetting mathematical proofs

)
(/usr/share/texlive/texmf-dist/tex/latex/akktex/akkmathdisc.sty
Package: akkmathdisc 2005/04/30 1.0.0 by Igor Akkerman (c) 2000, 2001, 2002, 20
03, 2004, 2005 Package providing utilities for typesetting discrete mathematics
 like graphs
))
(/usr/share/texlive/texmf-dist/tex/latex/akktex/akkmathpaper.sty
Package: akkmathpaper 2005/04/30 1.1.0 by Igor Akkerman (c) 2000, 2001, 2002, 2
003, 2004, 2005 Package providing utilities for typesetting mathematical papers
 as lecture scripts
\c@axiom=\count111
)
(/usr/share/texlive/texmf-dist/tex/latex/akktex/akkcs.sty
Package: akkcs 2005/04/30 1.0.0 by Igor Akkerman (c) 2000, 2001, 2002, 2003, 20
04, 2005 Package providing utilities for typesetting computer science elements
)
(/usr/share/texlive/texmf-dist/tex/latex/akktex/akkwidepage.sty
Package: akkwidepage 2005/05/05 by Igor Akkerman (c) 2004, 2005 v1.1.1 Package 
providing wide pages.
\akk@orig@oddsidemargin=\skip86
\akk@orig@evensidemargin=\skip87
\akk@orig@textwidth=\skip88
\akk@default@oddsidemargin=\skip89
\akk@default@evensidemargin=\skip90
\akk@default@textwidth=\skip91
)
(/usr/share/texlive/texmf-dist/tex/latex/akktex/akklongpage.sty
Package: akklongpage 2004/06/12 by Igor Akkerman (c) 2004 v1.0.1 Package provid
ing long pages.
)))
(/usr/share/texlive/texmf-dist/tex/latex/akktex/akkgerman.sty
Package: akkgerman 2005/04/27 1.0.0 by Igor Akkerman (c) 2000, 2001, 2002, 2003
, 2004, 2005 Package for typesetting German documents.

(/usr/share/texlive/texmf-dist/tex/latex/base/inputenc.sty
Package: inputenc 2008/03/30 v1.1d Input encoding file
\inpenc@prehook=\toks29
\inpenc@posthook=\toks30

(/usr/share/texlive/texmf-dist/tex/latex/base/latin1.def
File: latin1.def 2008/03/30 v1.1d Input encoding file
))
(/usr/share/texlive/texmf-dist/tex/latex/base/fontenc.sty
Package: fontenc 2005/09/27 v1.99g Standard LaTeX package

(/usr/share/texlive/texmf-dist/tex/latex/base/t1enc.def
File: t1enc.def 2005/09/27 v1.99g Standard LaTeX file
LaTeX Font Info:    Redeclaring font encoding T1 on input line 43.
))
(/usr/share/texlive/texmf-dist/tex/generic/babel/babel.sty
Package: babel 2013/12/03 3.9h The Babel package

(/usr/share/texlive/texmf-dist/tex/generic/babel-german/ngermanb.ldf
Language: ngermanb 2013/12/13 v2.7 German support for babel (new orthography)

(/usr/share/texlive/texmf-dist/tex/generic/babel/babel.def
File: babel.def 2013/12/03 3.9h Babel common definitions
\babel@savecnt=\count112
\U@D=\dimen117
)
\l@naustrian = a dialect from \language\l@ngerman 
\l@nswissgerman = a dialect from \language\l@ngerman 
Package babel Info: Making " an active character on input line 88.
))
(/usr/share/texlive/texmf-dist/tex/latex/akktex/akkgermanabbreviations.sty
Package: akkgermanabbreviations 2004/06/10 1.1.1 by Igor Akkerman (c) 2000, 200
1, 2002, 2003, 2004 Package providing common German abbreviations.

(/usr/share/texlive/texmf-dist/tex/latex/tools/xspace.sty
Package: xspace 2009/10/20 v1.13 Space after command names (DPC,MH)
)))
(/usr/share/texlive/texmf-dist/tex/latex/uebungsblatt/uebungsblatt.sty
Package: uebungsblatt 2006/10/24 by Igor Akkerman (c)2000,2001,2002,2003,2004,2
005,2006 v3.2.1 Package zum Setzen von Uebungsblaettern

(/usr/share/texlive/texmf-dist/tex/latex/fancyhdr/fancyhdr.sty
\fancy@headwidth=\skip92
\f@ncyO@elh=\skip93
\f@ncyO@erh=\skip94
\f@ncyO@olh=\skip95
\f@ncyO@orh=\skip96
\f@ncyO@elf=\skip97
\f@ncyO@erf=\skip98
\f@ncyO@olf=\skip99
\f@ncyO@orf=\skip100
)
\c@blatt=\count113
\c@aufgabe=\count114
\c@teilaufgabe=\count115
\c@teilteilaufgabe=\count116
)
[uebungsblatt] Suche Datei 'lv.tex'
[uebungsblatt] Datei 'lv.tex' nicht gefunden.
) (/usr/share/texlive/texmf-dist/tex/latex/listings/listings.sty
(/usr/share/texlive/texmf-dist/tex/latex/graphics/keyval.sty
Package: keyval 1999/03/16 v1.13 key=value parser (DPC)
\KV@toks@=\toks31
)
\lst@mode=\count117
\lst@gtempboxa=\box34
\lst@token=\toks32
\lst@length=\count118
\lst@currlwidth=\dimen118
\lst@column=\count119
\lst@pos=\count120
\lst@lostspace=\dimen119
\lst@width=\dimen120
\lst@newlines=\count121
\lst@lineno=\count122
\lst@maxwidth=\dimen121

(/usr/share/texlive/texmf-dist/tex/latex/listings/lstmisc.sty
File: lstmisc.sty 2013/08/26 1.5b (Carsten Heinz)
\c@lstnumber=\count123
\lst@skipnumbers=\count124
\lst@framebox=\box35
)
(/usr/share/texlive/texmf-dist/tex/latex/listings/listings.cfg
File: listings.cfg 2013/08/26 1.5b listings configuration
))
Package: listings 2013/08/26 1.5b (Carsten Heinz)

(/usr/share/texmf/tex/latex/xcolor/xcolor.sty
Package: xcolor 2007/01/21 v2.11 LaTeX color extensions (UK)

(/usr/share/texlive/texmf-dist/tex/latex/latexconfig/color.cfg
File: color.cfg 2007/01/18 v1.5 color configuration of teTeX/TeXLive
)
Package xcolor Info: Driver file: pdftex.def on input line 225.
Package xcolor Info: Model `cmy' substituted by `cmy0' on input line 1337.
Package xcolor Info: Model `hsb' substituted by `rgb' on input line 1341.
Package xcolor Info: Model `RGB' extended on input line 1353.
Package xcolor Info: Model `HTML' substituted by `rgb' on input line 1355.
Package xcolor Info: Model `Hsb' substituted by `hsb' on input line 1356.
Package xcolor Info: Model `tHsb' substituted by `hsb' on input line 1357.
Package xcolor Info: Model `HSB' substituted by `hsb' on input line 1358.
Package xcolor Info: Model `Gray' substituted by `gray' on input line 1359.
Package xcolor Info: Model `wave' substituted by `hsb' on input line 1360.
)
(/usr/share/texlive/texmf-dist/tex/latex/url/url.sty
\Urlmuskip=\muskip11
Package: url 2013/09/16  ver 3.4  Verb mode for urls, etc.
)
(/usr/share/texlive/texmf-dist/tex/latex/changepage/changepage.sty
Package: changepage 2009/10/20 v1.0c check page and change page layout
\c@cp@cntr=\count125
\cp@tempcnt=\count126
)
(/usr/share/texlive/texmf-dist/tex/latex/framed/framed.sty
Package: framed 2011/10/22 v 0.96: framed or shaded text with page breaks
\OuterFrameSep=\skip101
\fb@frw=\dimen122
\fb@frh=\dimen123
\FrameRule=\dimen124
\FrameSep=\dimen125
)
(/usr/share/texlive/texmf-dist/tex/generic/ulem/ulem.sty
\UL@box=\box36
\UL@hyphenbox=\box37
\UL@skip=\skip102
\UL@hook=\toks33
\UL@height=\dimen126
\UL@pe=\count127
\UL@pixel=\dimen127
\ULC@box=\box38
Package: ulem 2012/05/18
\ULdepth=\dimen128
) (./ex00.aux)
\openout1 = `ex00.aux'.

LaTeX Font Info:    Checking defaults for OML/cmm/m/it on input line 16.
LaTeX Font Info:    ... okay on input line 16.
LaTeX Font Info:    Checking defaults for T1/cmr/m/n on input line 16.
LaTeX Font Info:    ... okay on input line 16.
LaTeX Font Info:    Checking defaults for OT1/cmr/m/n on input line 16.
LaTeX Font Info:    ... okay on input line 16.
LaTeX Font Info:    Checking defaults for OMS/cmsy/m/n on input line 16.
LaTeX Font Info:    ... okay on input line 16.
LaTeX Font Info:    Checking defaults for OMX/cmex/m/n on input line 16.
LaTeX Font Info:    ... okay on input line 16.
LaTeX Font Info:    Checking defaults for U/cmr/m/n on input line 16.
LaTeX Font Info:    ... okay on input line 16.

(/usr/share/texlive/texmf-dist/tex/context/base/supp-pdf.mkii
[Loading MPS to PDF converter (version 2006.09.02).]
\scratchcounter=\count128
\scratchdimen=\dimen129
\scratchbox=\box39
\nofMPsegments=\count129
\nofMParguments=\count130
\everyMPshowfont=\toks34
\MPscratchCnt=\count131
\MPscratchDim=\dimen130
\MPnumerator=\count132
\makeMPintoPDFobject=\count133
\everyMPtoPDFconversion=\toks35
) (/usr/share/texlive/texmf-dist/tex/generic/oberdiek/pdftexcmds.sty
Package: pdftexcmds 2011/11/29 v0.20 Utility functions of pdfTeX for LuaTeX (HO
)

(/usr/share/texlive/texmf-dist/tex/generic/oberdiek/ifluatex.sty
Package: ifluatex 2010/03/01 v1.3 Provides the ifluatex switch (HO)
Package ifluatex Info: LuaTeX not detected.
)
(/usr/share/texlive/texmf-dist/tex/generic/oberdiek/ifpdf.sty
Package: ifpdf 2011/01/30 v2.3 Provides the ifpdf switch (HO)
Package ifpdf Info: pdfTeX in PDF mode is detected.
)
Package pdftexcmds Info: LuaTeX not detected.
Package pdftexcmds Info: \pdf@primitive is available.
Package pdftexcmds Info: \pdf@ifprimitive is available.
Package pdftexcmds Info: \pdfdraftmode found.
)
(/usr/share/texlive/texmf-dist/tex/latex/oberdiek/epstopdf-base.sty
Package: epstopdf-base 2010/02/09 v2.5 Base part for package epstopdf

(/usr/share/texlive/texmf-dist/tex/latex/oberdiek/grfext.sty
Package: grfext 2010/08/19 v1.1 Manage graphics extensions (HO)

(/usr/share/texlive/texmf-dist/tex/generic/oberdiek/kvdefinekeys.sty
Package: kvdefinekeys 2011/04/07 v1.3 Define keys (HO)
))
(/usr/share/texlive/texmf-dist/tex/latex/oberdiek/kvoptions.sty
Package: kvoptions 2011/06/30 v3.11 Key value format for package options (HO)

(/usr/share/texlive/texmf-dist/tex/generic/oberdiek/kvsetkeys.sty
Package: kvsetkeys 2012/04/25 v1.16 Key value parser (HO)

(/usr/share/texlive/texmf-dist/tex/generic/oberdiek/etexcmds.sty
Package: etexcmds 2011/02/16 v1.5 Avoid name clashes with e-TeX commands (HO)
Package etexcmds Info: Could not find \expanded.
(etexcmds)             That can mean that you are not using pdfTeX 1.50 or
(etexcmds)             that some package has redefined \expanded.
(etexcmds)             In the latter case, load this package earlier.
)))
Package grfext Info: Graphics extension search list:
(grfext)             [.png,.pdf,.jpg,.mps,.jpeg,.jbig2,.jb2,.PNG,.PDF,.JPG,.JPE
G,.JBIG2,.JB2,.eps]
(grfext)             \AppendGraphicsExtensions on input line 452.

(/usr/share/texlive/texmf-dist/tex/latex/latexconfig/epstopdf-sys.cfg
File: epstopdf-sys.cfg 2010/07/13 v1.3 Configuration of (r)epstopdf for TeX Liv
e
))
\c@lstlisting=\count134

(/usr/share/texlive/texmf-dist/tex/latex/listings/lstlang1.sty
File: lstlang1.sty 2013/08/26 1.5b listings language file
)
LaTeX Font Info:    Try loading font information for T1+cmtt on input line 51.

(/usr/share/texlive/texmf-dist/tex/latex/base/t1cmtt.fd
File: t1cmtt.fd 1999/05/25 v2.5h Standard LaTeX font definitions
)
LaTeX Font Info:    Try loading font information for U+msa on input line 51.

(/usr/share/texlive/texmf-dist/tex/latex/amsfonts/umsa.fd
File: umsa.fd 2013/01/14 v3.01 AMS symbols A
)
LaTeX Font Info:    Try loading font information for U+msb on input line 51.

(/usr/share/texlive/texmf-dist/tex/latex/amsfonts/umsb.fd
File: umsb.fd 2013/01/14 v3.01 AMS symbols B
)
LaTeX Font Info:    Try loading font information for U+lasy on input line 51.

(/usr/share/texlive/texmf-dist/tex/latex/base/ulasy.fd
File: ulasy.fd 1998/08/17 v2.2e LaTeX symbol font definitions
)
LaTeX Font Info:    Font shape `T1/cmtt/bx/n' in size <8> not available
(Font)              Font shape `T1/cmtt/m/n' tried instead on input line 65.
 [1{/var/lib/texmf/fonts/map/pdftex/updmap/pdftex.map}

]
LaTeX Font Info:    Try loading font information for OMS+cmr on input line 125.


(/usr/share/texlive/texmf-dist/tex/latex/base/omscmr.fd
File: omscmr.fd 1999/05/25 v2.5h Standard LaTeX font definitions
)
LaTeX Font Info:    Font shape `OMS/cmr/m/n' in size <10> not available
(Font)              Font shape `OMS/cmsy/m/n' tried instead on input line 125.
 [2] [3]
(./stuff/cos.py) (./stuff/numpy_01.py) (./stuff/numpy_02.py [4])
(./stuff/numpy_where.py)
Overfull \hbox (8.3374pt too wide) in paragraph at lines 310--312
[]\T1/cmr/m/n/10 The do-cu-men-ta-ti-on can be found at $\T1/cmtt/m/n/10 http :
 / / hci . iwr . uni-[]heidelberg . de / vigra / doc / vigranumpy /
 []

(./stuff/read_img.py [5])
Overfull \hbox (5.51416pt too wide) in paragraph at lines 368--371
\T1/cmr/m/n/10 les of both three and fi-ve print ``Fizz-Buzz''. \T1/cmr/m/n/5 (
$\T1/cmtt/m/n/5 http : / / imranontech . com / 2007 / 01 / 24 / using-[]fizzbuz
z-[]to-[]find-[]developers-[]who-[]grok-[]coding$\T1/cmr/m/n/5 ) 
 []

[6] (./ex00.aux) ) 
Here is how much of TeX's memory you used:
 7163 strings out of 494121
 90620 string characters out of 6157644
 279185 words of memory out of 5000000
 10314 multiletter control sequences out of 15000+600000
 19281 words of font info for 55 fonts, out of 8000000 for 9000
 438 hyphenation exceptions out of 8191
 54i,12n,47p,346b,1796s stack positions out of 5000i,500n,10000p,200000b,80000s
{/usr/share/texmf/fonts/enc/dvips/cm-super/cm-super-t1.enc}</
usr/share/texlive/texmf-dist/fonts/type1/public/amsfonts/cm/cmex10.pfb></usr/sh
are/texlive/texmf-dist/fonts/type1/public/amsfonts/cm/cmmi10.pfb></usr/share/te
xlive/texmf-dist/fonts/type1/public/amsfonts/cm/cmr10.pfb></usr/share/texlive/t
exmf-dist/fonts/type1/public/amsfonts/cm/cmr7.pfb></usr/share/texlive/texmf-dis
t/fonts/type1/public/amsfonts/cm/cmsy10.pfb></usr/share/texlive/texmf-dist/font
s/type1/public/amsfonts/cm/cmsy7.pfb></usr/share/texmf/fonts/type1/public/cm-su
per/sfbx1000.pfb></usr/share/texmf/fonts/type1/public/cm-super/sfbx1200.pfb></u
sr/share/texmf/fonts/type1/public/cm-super/sfbx1440.pfb></usr/share/texmf/fonts
/type1/public/cm-super/sfit0800.pfb></usr/share/texmf/fonts/type1/public/cm-sup
er/sfrm0500.pfb></usr/share/texmf/fonts/type1/public/cm-super/sfrm0600.pfb></us
r/share/texmf/fonts/type1/public/cm-super/sfrm0700.pfb></usr/share/texmf/fonts/
type1/public/cm-super/sfrm0800.pfb></usr/share/texmf/fonts/type1/public/cm-supe
r/sfrm1000.pfb></usr/share/texmf/fonts/type1/public/cm-super/sfti0800.pfb></usr
/share/texmf/fonts/type1/public/cm-super/sfti1000.pfb></usr/share/texmf/fonts/t
ype1/public/cm-super/sftt0800.pfb></usr/share/texmf/fonts/type1/public/cm-super
/sftt1000.pfb>
Output written on ex00.pdf (6 pages, 327962 bytes).
PDF statistics:
 100 PDF objects out of 1000 (max. 8388607)
 72 compressed objects within 1 object stream
 0 named destinations out of 1000 (max. 500000)
 1 words of extra memory for PDF output out of 10000 (max. 10000000)

